
> procurement-app@0.1.0 start
> react-scripts start

[34mℹ[39m [90m｢wds｣[39m: Project is running at http://172.16.103.31/
[34mℹ[39m [90m｢wds｣[39m: webpack output is served from 
[34mℹ[39m [90m｢wds｣[39m: Content not from webpack is served from /home/rahman/procurement/stdc-procurement-f/public
[34mℹ[39m [90m｢wds｣[39m: 404s will fallback to /
Starting the development server...

Browserslist: caniuse-lite is outdated. Please run:
npx browserslist@latest --update-db

Why you should do it regularly:
https://github.com/browserslist/browserslist#browsers-data-updating

> procurement-app@0.1.0 start
> react-scripts start

[34mℹ[39m [90m｢wds｣[39m: Project is running at http://172.16.103.31/
[34mℹ[39m [90m｢wds｣[39m: webpack output is served from 
[34mℹ[39m [90m｢wds｣[39m: Content not from webpack is served from /home/rahman/procurement/stdc-procurement-f/public
[34mℹ[39m [90m｢wds｣[39m: 404s will fallback to /
Starting the development server...

Browserslist: caniuse-lite is outdated. Please run:
npx browserslist@latest --update-db

Why you should do it regularly:
https://github.com/browserslist/browserslist#browsers-data-updating
Compiled successfully!

You can now view procurement-app in the browser.

  Local:            http://localhost:3000
  On Your Network:  http://172.16.103.31:3000

Note that the development build is not optimized.
To create a production build, use yarn build.

